2025-04-22 11:14:24,229 - INFO - Хе╩▒╚╬╬ы╣▄└ькэмЛкЗХ»
2025-04-22 11:14:24,285 - INFO - и■╬ыкэмЛкЗХ»БгйЭ│╠ID: 51404
2025-04-28 12:21:11,480 - INFO - Хе╩▒╚╬╬ы╣▄└ькэмЛкЗХ»
2025-04-28 12:21:11,511 - INFO - и■╬ыкэмЛкЗХ»БгйЭ│╠ID: 66196
2025-04-28 12:21:45,672 - INFO - ╩НхйоНо╣л┼║┼
2025-04-28 12:21:45,712 - INFO - и■╬ыкэмЛ═Бо╣
2025-04-28 12:22:24,387 - INFO - Хе╩▒╚╬╬ы╣▄└ькэмЛкЗХ»
2025-04-28 12:22:24,420 - INFO - и■╬ыкэмЛкЗХ»БгйЭ│╠ID: 53016
2025-04-28 12:23:03,459 - INFO - ╩НхйоНо╣л┼║┼
2025-04-28 12:23:03,489 - INFO - и■╬ыкэмЛ═Бо╣
2025-04-28 14:12:12,583 - INFO - Хе╩▒╚╬╬ы╣▄└ькэмЛкЗХ»
2025-04-28 14:12:12,668 - INFO - и■╬ыкэмЛкЗХ»БгйЭ│╠ID: 56772
2025-04-28 14:13:22,917 - INFO - Хе╩▒╚╬╬ы╣▄└ькэмЛкЗХ»
2025-04-28 14:13:22,950 - INFO - и■╬ыкэмЛкЗХ»БгйЭ│╠ID: 55752
2025-04-28 14:14:05,634 - INFO - ╩НхйоНо╣л┼║┼
2025-04-28 14:14:05,665 - INFO - и■╬ыкэмЛ═Бо╣
2025-04-28 14:24:18,355 - INFO - т«џТЌХС╗╗тіАу«АуљєтЎети▓тљ»тіе
2025-04-28 14:24:18,428 - INFO - ТюЇтіАтЎети▓тљ»тіе№╝їУ┐ЏуеІID: 65804
2025-04-28 14:25:45,161 - INFO - т«џТЌХС╗╗тіАу«АуљєтЎети▓тљ»тіе
2025-04-28 14:25:45,213 - INFO - ТюЇтіАтЎети▓тљ»тіе№╝їУ┐ЏуеІID: 58096
2025-04-28 14:26:09,191 - INFO - т«џТЌХС╗╗тіАу«АуљєтЎети▓тљ»тіе
2025-04-28 14:26:09,271 - INFO - ТюЇтіАтЎети▓тљ»тіе№╝їУ┐ЏуеІID: 54740
2025-04-28 14:27:00,894 - INFO - ТћХтѕ░у╗ѕТГбС┐АтЈи
2025-04-28 14:27:00,930 - INFO - ТюЇтіАтЎети▓тЂюТГб
2025-04-28 14:29:44,230 - INFO - т«џТЌХС╗╗тіАу«АуљєтЎети▓тљ»тіе
2025-04-28 14:29:44,322 - INFO - ТюЇтіАтЎети▓тљ»тіе№╝їУ┐ЏуеІID: 65204
2025-04-28 14:35:41,197 - INFO - т«џТЌХС╗╗тіАу«АуљєтЎети▓тљ»тіе
2025-04-28 14:35:41,253 - INFO - ТюЇтіАтЎети▓тљ»тіе№╝їУ┐ЏуеІID: 56336
2025-04-28 14:36:18,555 - INFO - т«џТЌХС╗╗тіАу«АуљєтЎети▓тљ»тіе
2025-04-28 14:36:18,614 - INFO - ТюЇтіАтЎети▓тљ»тіе№╝їУ┐ЏуеІID: 49816
2025-04-28 14:36:46,200 - INFO - т«џТЌХС╗╗тіАу«АуљєтЎети▓тљ»тіе
2025-04-28 14:36:46,256 - INFO - ТюЇтіАтЎети▓тљ»тіе№╝їУ┐ЏуеІID: 11616
2025-04-28 14:37:32,748 - INFO - т«џТЌХС╗╗тіАу«АуљєтЎети▓тљ»тіе
2025-04-28 14:37:32,806 - INFO - ТюЇтіАтЎети▓тљ»тіе№╝їУ┐ЏуеІID: 68068
2025-04-28 14:41:02,150 - INFO - т«џТЌХС╗╗тіАу«АуљєтЎети▓тљ»тіе
2025-04-28 14:41:02,215 - INFO - ТюЇтіАтЎети▓тљ»тіе№╝їУ┐ЏуеІID: 62292
2025-04-28 14:45:29,588 - INFO - т«џТЌХС╗╗тіАу«АуљєтЎети▓тљ»тіе
2025-04-28 14:45:29,681 - INFO - ТюЇтіАтЎети▓тљ»тіе№╝їУ┐ЏуеІID: 20728
2025-04-28 14:50:02,201 - INFO - т«џТЌХС╗╗тіАу«АуљєтЎети▓тљ»тіе
2025-04-28 14:50:02,295 - INFO - ТюЇтіАтЎети▓тљ»тіе№╝їУ┐ЏуеІID: 67724
2025-04-28 14:52:25,380 - INFO - т«џТЌХС╗╗тіАу«АуљєтЎети▓тљ»тіе
2025-04-28 14:52:25,490 - INFO - ТюЇтіАтЎети▓тљ»тіе№╝їУ┐ЏуеІID: 66936
2025-04-28 14:57:27,344 - INFO - т«џТЌХС╗╗тіАу«АуљєтЎети▓тљ»тіе
2025-04-28 14:57:27,425 - INFO - ТюЇтіАтЎети▓тљ»тіе№╝їУ┐ЏуеІID: 68260
2025-04-28 15:07:45,785 - INFO - т«џТЌХС╗╗тіАу«АуљєтЎети▓тљ»тіе
2025-04-28 15:07:45,860 - INFO - ТюЇтіАтЎети▓тљ»тіе№╝їУ┐ЏуеІID: 67592
2025-04-28 15:09:45,281 - INFO - т«џТЌХС╗╗тіАу«АуљєтЎети▓тљ»тіе
2025-04-28 15:09:45,600 - INFO - ТюЇтіАтЎети▓тљ»тіе№╝їУ┐ЏуеІID: 60944
2025-04-28 15:29:24,486 - INFO - т«џТЌХС╗╗тіАу«АуљєтЎети▓тљ»тіе
2025-04-28 15:29:24,576 - INFO - ТюЇтіАтЎети▓тљ»тіе№╝їУ┐ЏуеІID: 67824
2025-04-28 17:03:22,318 - INFO - т«џТЌХС╗╗тіАу«АуљєтЎети▓тљ»тіе
2025-04-28 17:03:22,407 - INFO - ТюЇтіАтЎети▓тљ»тіе№╝їУ┐ЏуеІID: 23544
2025-04-28 17:06:01,445 - INFO - т«џТЌХС╗╗тіАу«АуљєтЎети▓тљ»тіе
2025-04-28 17:06:01,509 - INFO - ТюЇтіАтЎети▓тљ»тіе№╝їУ┐ЏуеІID: 61144
2025-04-28 21:00:01,747 - INFO - ТюЇтіАтЎети▓тЂюТГб
2025-04-29 09:00:02,234 - INFO - ТюЇтіАтЎети▓тљ»тіе№╝їУ┐ЏуеІID: 31152
2025-04-29 09:00:03,950 - INFO - т«џТЌХС╗╗тіАу«АуљєтЎети▓тљ»тіе
2025-04-29 09:00:04,007 - INFO - ТюЇтіАтЎети▓тљ»тіе№╝їУ┐ЏуеІID: 67264
2025-04-29 10:10:36,098 - INFO - Т▒ЄујЄТЋ░ТЇ«ТЏ┤Тќ░ТѕљтіЪ
2025-04-29 21:00:38,918 - INFO - ТюЇтіАтЎети▓тЂюТГб
2025-04-30 09:00:39,866 - INFO - ТюЇтіАтЎети▓тљ»тіе№╝їУ┐ЏуеІID: 34092
2025-04-30 10:11:18,143 - INFO - Т▒ЄујЄТЋ░ТЇ«ТЏ┤Тќ░ТѕљтіЪ
2025-04-30 21:00:19,556 - INFO - ТюЇтіАтЎети▓тЂюТГб
2025-05-01 09:00:20,393 - INFO - ТюЇтіАтЎети▓тљ»тіе№╝їУ┐ЏуеІID: 67128
2025-05-01 10:10:57,439 - INFO - Т▒ЄујЄТЋ░ТЇ«ТЏ┤Тќ░ТѕљтіЪ
2025-05-01 21:00:58,393 - INFO - ТюЇтіАтЎети▓тЂюТГб
2025-05-03 09:00:02,513 - INFO - т«џТЌХС╗╗тіАу«АуљєтЎети▓тљ»тіе
2025-05-03 09:00:02,530 - INFO - ТюЇтіАтЎети▓тљ»тіе№╝їУ┐ЏуеІID: 56156
2025-05-03 21:00:02,947 - INFO - ТюЇтіАтЎети▓тЂюТГб
2025-05-04 09:00:03,512 - INFO - ТюЇтіАтЎети▓тљ»тіе№╝їУ┐ЏуеІID: 4088
2025-05-04 21:00:03,894 - INFO - ТюЇтіАтЎети▓тЂюТГб
2025-05-05 09:00:02,847 - INFO - ТюЇтіАтЎети▓тљ»тіе№╝їУ┐ЏуеІID: 51916
2025-05-05 10:10:43,149 - INFO - Т▒ЄујЄТЋ░ТЇ«ТЏ┤Тќ░ТѕљтіЪ
2025-05-05 21:00:43,489 - INFO - ТюЇтіАтЎети▓тЂюТГб
2025-05-06 09:00:01,765 - INFO - т«џТЌХС╗╗тіАу«АуљєтЎети▓тљ»тіе
2025-05-06 09:00:01,772 - INFO - ТюЇтіАтЎети▓тљ»тіе№╝їУ┐ЏуеІID: 2420
2025-05-06 10:10:40,316 - INFO - Т▒ЄујЄТЋ░ТЇ«ТЏ┤Тќ░ТѕљтіЪ
2025-05-06 21:00:42,188 - INFO - ТюЇтіАтЎети▓тЂюТГб
2025-05-07 09:00:42,999 - INFO - ТюЇтіАтЎети▓тљ»тіе№╝їУ┐ЏуеІID: 32480
2025-05-07 10:12:24,617 - INFO - Т▒ЄујЄТЋ░ТЇ«ТЏ┤Тќ░ТѕљтіЪ
2025-05-07 21:00:03,771 - INFO - ТюЇтіАтЎети▓тЂюТГб
2025-05-08 09:00:05,046 - INFO - ТюЇтіАтЎети▓тљ»тіе№╝їУ┐ЏуеІID: 66612
2025-05-08 10:10:52,238 - INFO - Т▒ЄујЄТЋ░ТЇ«ТЏ┤Тќ░ТѕљтіЪ
2025-05-08 21:00:54,323 - INFO - ТюЇтіАтЎети▓тЂюТГб
2025-05-09 13:34:12,421 - INFO - т«џТЌХС╗╗тіАу«АуљєтЎети▓тљ»тіе
2025-05-09 13:34:12,440 - INFO - ТюЇтіАтЎети▓тљ»тіе№╝їУ┐ЏуеІID: 60380
2025-05-09 13:38:34,149 - INFO - т«џТЌХС╗╗тіАу«АуљєтЎети▓тљ»тіе
2025-05-09 13:38:34,155 - INFO - ТюЇтіАтЎети▓тљ»тіе№╝їУ┐ЏуеІID: 72780
2025-05-09 21:00:34,442 - INFO - ТюЇтіАтЎети▓тЂюТГб
2025-05-10 09:00:02,195 - INFO - т«џТЌХС╗╗тіАу«АуљєтЎети▓тљ»тіе
2025-05-10 09:00:02,202 - INFO - ТюЇтіАтЎети▓тљ»тіе№╝їУ┐ЏуеІID: 56608
2025-05-10 09:00:34,857 - INFO - ТюЇтіАтЎети▓тљ»тіе№╝їУ┐ЏуеІID: 78416
2025-05-10 21:00:03,172 - INFO - ТюЇтіАтЎети▓тЂюТГб
2025-05-10 21:00:35,268 - INFO - ТюЇтіАтЎети▓тЂюТГб
2025-05-11 09:00:02,586 - INFO - ТюЇтіАтЎети▓тљ»тіе№╝їУ┐ЏуеІID: 72768
2025-05-11 09:00:34,454 - INFO - ТюЇтіАтЎети▓тљ»тіе№╝їУ┐ЏуеІID: 76360
2025-05-11 21:00:03,501 - INFO - ТюЇтіАтЎети▓тЂюТГб
2025-05-11 21:00:34,852 - INFO - ТюЇтіАтЎети▓тЂюТГб
2025-05-12 09:00:03,925 - INFO - ТюЇтіАтЎети▓тљ»тіе№╝їУ┐ЏуеІID: 76864
2025-05-12 09:00:35,246 - INFO - ТюЇтіАтЎети▓тљ»тіе№╝їУ┐ЏуеІID: 73892
2025-05-12 09:58:53,595 - INFO - т«џТЌХС╗╗тіАу«АуљєтЎети▓тљ»тіе
2025-05-12 09:58:53,602 - INFO - ТюЇтіАтЎети▓тљ»тіе№╝їУ┐ЏуеІID: 19096
2025-05-12 10:11:36,316 - INFO - Т▒ЄујЄТЋ░ТЇ«ТЏ┤Тќ░ТѕљтіЪ
2025-05-12 21:00:36,806 - INFO - ТюЇтіАтЎети▓тЂюТГб
2025-05-13 09:00:03,048 - INFO - т«џТЌХС╗╗тіАу«АуљєтЎети▓тљ»тіе
2025-05-13 09:00:03,054 - INFO - ТюЇтіАтЎети▓тљ»тіе№╝їУ┐ЏуеІID: 87668
2025-05-13 09:00:37,289 - INFO - ТюЇтіАтЎети▓тљ»тіе№╝їУ┐ЏуеІID: 83140
2025-05-13 10:10:49,399 - INFO - Т▒ЄујЄТЋ░ТЇ«ТЏ┤Тќ░ТѕљтіЪ
2025-05-13 10:11:22,584 - INFO - Т▒ЄујЄТЋ░ТЇ«ТЏ┤Тќ░ТѕљтіЪ
2025-05-13 10:17:35,551 - WARNING - тЈЉуј░ти▓тГўтюеуџёschedule_serverУ┐ЏуеІ (PID: 34656)
2025-05-13 10:17:35,552 - ERROR - ти▓ТюЅschedule_serverт«ъСЙІтюеУ┐љУАї№╝їжђђтЄ║уеІт║Ј
2025-05-13 21:00:30,000 - INFO - ТюЇтіАтЎети▓тЂюТГб
2025-05-14 09:00:31,048 - INFO - ТюЇтіАтЎети▓тљ»тіе№╝їУ┐ЏуеІID: 76960
2025-05-14 10:11:25,770 - INFO - Т▒ЄујЄТЋ░ТЇ«ТЏ┤Тќ░ТѕљтіЪ
2025-05-14 21:00:58,844 - INFO - ТюЇтіАтЎети▓тЂюТГб
2025-05-15 09:01:00,156 - INFO - ТюЇтіАтЎети▓тљ»тіе№╝їУ┐ЏуеІID: 85832
2025-05-15 10:10:46,803 - INFO - Т▒ЄујЄТЋ░ТЇ«ТЏ┤Тќ░ТѕљтіЪ
2025-05-15 21:00:49,712 - INFO - ТюЇтіАтЎети▓тЂюТГб
2025-05-16 09:25:24,872 - WARNING - тЈЉуј░ти▓тГўтюеуџёschedule_serverУ┐ЏуеІ (PID: 92196)
2025-05-16 09:25:24,873 - ERROR - ти▓ТюЅschedule_serverт«ъСЙІтюеУ┐љУАї№╝їжђђтЄ║уеІт║Ј
2025-05-16 09:37:16,053 - WARNING - тЈЉуј░ти▓тГўтюеуџёschedule_serverУ┐ЏуеІ (PID: 31404)
2025-05-16 09:37:16,069 - ERROR - ти▓ТюЅschedule_serverт«ъСЙІтюеУ┐љУАї№╝їжђђтЄ║уеІт║Ј
2025-05-16 09:40:31,086 - WARNING - тЈЉуј░ти▓тГўтюеуџёschedule_serverУ┐ЏуеІ (PID: 83464)
2025-05-16 09:40:31,342 - ERROR - ти▓ТюЅschedule_serverт«ъСЙІтюеУ┐љУАї№╝їжђђтЄ║уеІт║Ј
2025-05-16 09:41:15,566 - WARNING - тЈЉуј░ти▓тГўтюеуџёschedule_serverУ┐ЏуеІ (PID: 90424)
2025-05-16 09:41:15,566 - ERROR - ти▓ТюЅschedule_serverт«ъСЙІтюеУ┐љУАї№╝їжђђтЄ║уеІт║Ј
2025-05-16 09:41:29,753 - WARNING - тЈЉуј░ти▓тГўтюеуџёschedule_serverУ┐ЏуеІ (PID: 78232)
2025-05-16 09:41:29,754 - ERROR - ти▓ТюЅschedule_serverт«ъСЙІтюеУ┐љУАї№╝їжђђтЄ║уеІт║Ј
2025-05-16 09:42:03,682 - WARNING - тЈЉуј░ти▓тГўтюеуџёschedule_serverУ┐ЏуеІ (PID: 90824)
2025-05-16 09:42:03,682 - ERROR - ти▓ТюЅschedule_serverт«ъСЙІтюеУ┐љУАї№╝їжђђтЄ║уеІт║Ј
2025-05-16 18:14:11,542 - WARNING - тЈЉуј░ти▓тГўтюеуџёschedule_serverУ┐ЏуеІ (PID: 79936)
2025-05-16 18:14:11,555 - ERROR - ти▓ТюЅschedule_serverт«ъСЙІтюеУ┐љУАї№╝їжђђтЄ║уеІт║Ј
2025-05-16 18:24:06,926 - WARNING - тЈЉуј░ти▓тГўтюеуџёуЏИтЁ│У┐ЏуеІ (PID: 47144, тЉйС╗ц: python schedule_server.py)
2025-05-16 18:24:06,927 - ERROR - тЈЉуј░ти▓тГўтюеуџёуЏИтЁ│У┐ЏуеІ№╝їт░ЮУ»ЋТИЁуљє...
2025-05-16 18:24:36,109 - WARNING - тЈЉуј░ти▓тГўтюеуџёуЏИтЁ│У┐ЏуеІ (PID: 34300, тЉйС╗ц: python schedule_server.py)
2025-05-16 18:24:36,110 - ERROR - тЈЉуј░ти▓тГўтюеуџёуЏИтЁ│У┐ЏуеІ№╝їт░ЮУ»ЋТИЁуљє...
2025-05-16 18:26:25,499 - WARNING - тЈЉуј░ти▓тГўтюеуџёуЏИтЁ│У┐ЏуеІ (PID: 95120, тЉйС╗ц: python schedule_server.py)
2025-05-16 18:26:25,517 - ERROR - тЈЉуј░ти▓тГўтюеуџёуЏИтЁ│У┐ЏуеІ№╝їт░ЮУ»ЋТИЁуљє...
2025-05-16 18:27:59,569 - WARNING - тЈЉуј░ти▓тГўтюеуџёуЏИтЁ│У┐ЏуеІ (PID: 62460, тЉйС╗ц: powershell.exe -noprofile -executionpolicy bypass -command & {. venv\scripts\activate.ps1; python schedule_server.py})
2025-05-16 18:27:59,570 - ERROR - тЈЉуј░ти▓тГўтюеуџёуЏИтЁ│У┐ЏуеІ№╝їт░ЮУ»ЋТИЁуљє...
2025-05-16 18:32:10,439 - INFO - т«џТЌХС╗╗тіАу«АуљєтЎети▓тљ»тіе
2025-05-16 18:32:14,102 - INFO - ТюЇтіАтЎети▓тљ»тіе№╝їУ┐ЏуеІID: 94664
